<?xml version="1.0" encoding="UTF-8"?>
<!-- Generated by org.testng.reporters.JUnitReportReporter -->
<testsuite skipped="0" hostname="ALCP2UDQA04" name="acceder" tests="1" failures="0" timestamp="28 ago 2017 10:22:58 GMT" time="0.032" errors="0">
  <testcase name="f" time="0.032" classname="acceder"/>
</testsuite> <!-- acceder -->
